<?xml version="1.0" encoding="UTF-8"?>
<testsuite xmlns:xsi="http://www.w3.org/2001/XMLSchema-instance" xsi:noNamespaceSchemaLocation="https://maven.apache.org/surefire/maven-surefire-plugin/xsd/surefire-test-report.xsd" name="smoketests.CucumberRunnerTest" time="7.876" tests="2" errors="0" skipped="0" failures="1">
  <properties>
[...]
</properties>
  <testcase name="runScenario" classname="smoketests.CucumberRunnerTest" time="1.476">
    <failure message="The step &quot;I am navigating to the site https://www.demoqa.com/elements&quot; is undefined. You can implement it using the snippet(s) below:&#10;&#10;@Given(&quot;I am navigating to the site https:\\/\\/www.demoqa.com\\/elements&quot;)&#10;public void i_am_navigating_to_the_site_https_www_demoqa_com_elements() {&#10;    // Write code here that turns the phrase above into concrete actions&#10;    throw new io.cucumber.java.PendingException();&#10;}&#10;" type="io.cucumber.testng.UndefinedStepException">io.cucumber.testng.UndefinedStepException: 
The step "I am navigating to the site https://www.demoqa.com/elements" is undefined. You can implement it using the snippet(s) below:

@Given("I am navigating to the site https:\\/\\/www.demoqa.com\\/elements")
public void i_am_navigating_to_the_site_https_www_demoqa_com_elements() {
    // Write code here that turns the phrase above into concrete actions
    throw new io.cucumber.java.PendingException();
}

</failure>
    <system-out><![CDATA[
@smoketest
Scenario Outline: Testing textbox elements                           # src/main/resources/features/button.feature:13
  Given I have open the browser                                      # stepDefinitions.Steps.iOpenBrowser()
  And I am navigating to the site https://www.demoqa.com/elements    # null
  When I click on button option                                      # stepDefinitions.Steps.iClickOnButtonOption()
  And I click button options and take screenshot as buttonscreenshot # stepDefinitions.Steps.clickingButtonOptions(java.lang.String)
  Then I quit the application                                        # stepDefinitions.Steps.iQuitTheApplication()
]]></system-out>
    <system-err><![CDATA[Starting ChromeDriver 92.0.4515.107 (87a818b10553a07434ea9e2b6dccf3cbe7895134-refs/branch-heads/4515@{#1634}) on port 40238
Only local connections are allowed.
Please see https://chromedriver.chromium.org/security-considerations for suggestions on keeping ChromeDriver safe.
ChromeDriver was started successfully.
[1631582826.564][WARNING]: This version of ChromeDriver has not been tested with Chrome version 93.
Sep 13, 2021 8:27:06 PM org.openqa.selenium.remote.ProtocolHandshake createSession
INFO: Detected dialect: W3C
]]></system-err>
  </testcase>
  <testcase name="runScenario" classname="smoketests.CucumberRunnerTest" time="5.892"/>
</testsuite>