<?xml version="1.0" encoding="UTF-8"?>
<testsuite xmlns:xsi="http://www.w3.org/2001/XMLSchema-instance" xsi:noNamespaceSchemaLocation="https://maven.apache.org/surefire/maven-surefire-plugin/xsd/surefire-test-report.xsd" name="smoketests.CucumberRunnerTest" time="2.538" tests="2" errors="0" skipped="0" failures="0">
  <properties>
[...]
</properties>
  <testcase name="runScenario" classname="smoketests.CucumberRunnerTest" time="1.41"/>
  <testcase name="runScenario" classname="smoketests.CucumberRunnerTest" time="0.685"/>
</testsuite>