<?xml version="1.0" encoding="UTF-8"?>
<!-- Generated by org.testng.reporters.JUnitXMLReporter -->
<testsuite ignored="0" hostname="DESKTOP-HBUEHQ9" failures="1" tests="1" name="QA_to_QE" time="5.804" errors="0" timestamp="2021-09-06T03:11:32 CDT">
  <testcase classname="Smoketest3" name="radioButtonspage" time="0.788">
    <failure type="java.lang.AssertionError" message="expected [ do you like the site?] but found [Do you like the site?]">
      <![CDATA[java.lang.AssertionError: expected [ do you like the site?] but found [Do you like the site?]
at Smoketest3.radioButtonspage(Smoketest3.java:25)
at java.base/java.util.ArrayList.forEach(ArrayList.java:1511)
at com.intellij.rt.testng.IDEARemoteTestNG.run(IDEARemoteTestNG.java:66)
at com.intellij.rt.testng.RemoteTestNGStarter.main(RemoteTestNGStarter.java:109)
... Removed 29 stack frames]]>
    </failure>
  </testcase> <!-- radioButtonspage -->
</testsuite> <!-- QA_to_QE -->
