<?xml version="1.0" encoding="UTF-8"?>
<testng-results ignored="0" total="1" passed="1" failed="0" skipped="0">
  <reporter-output>
  </reporter-output>
  <suite started-at="2021-09-06T20:40:44 CDT" name="Default Suite" finished-at="2021-09-06T20:40:52 CDT" duration-ms="7434">
    <groups>
    </groups>
    <test started-at="2021-09-06T20:40:44 CDT" name="QAtoQE_Framework" finished-at="2021-09-06T20:40:52 CDT" duration-ms="7434">
      <class name="smoketests.SmokeTest1">
        <test-method is-config="true" signature="setup()[pri:0, instance:smoketests.SmokeTest1@4fcd19b3]" started-at="2021-09-06T20:40:44 CDT" name="setup" finished-at="2021-09-06T20:40:50 CDT" duration-ms="6006" status="PASS">
          <reporter-output>
          </reporter-output>
        </test-method> <!-- setup -->
        <test-method signature="TC001()[pri:0, instance:smoketests.SmokeTest1@4fcd19b3]" started-at="2021-09-06T20:40:50 CDT" name="TC001" finished-at="2021-09-06T20:40:52 CDT" duration-ms="1242" status="PASS">
          <reporter-output>
          </reporter-output>
        </test-method> <!-- TC001 -->
        <test-method is-config="true" signature="tearDown()[pri:0, instance:smoketests.SmokeTest1@4fcd19b3]" started-at="2021-09-06T20:40:52 CDT" name="tearDown" finished-at="2021-09-06T20:40:52 CDT" duration-ms="168" status="PASS">
          <reporter-output>
          </reporter-output>
        </test-method> <!-- tearDown -->
      </class> <!-- smoketests.SmokeTest1 -->
    </test> <!-- QAtoQE_Framework -->
  </suite> <!-- Default Suite -->
</testng-results>
